Mon Feb  5 23:00:05 2018  Opening correlations.log 
Mon Feb  5 23:00:05 2018  Not Publishable. 0.435 
Mon Feb  5 23:00:05 2018  Closing correlations.log flags = 0 
-------
R version 3.4.1 (2017-06-30)
Platform: x86_64-redhat-linux-gnu (64-bit)
Running under: Amazon Linux AMI 2017.09

Matrix products: default
BLAS/LAPACK: /usr/lib64/R/lib/libRblas.so

locale:
 [1] LC_CTYPE=en_US.UTF-8       LC_NUMERIC=C              
 [3] LC_TIME=en_US.UTF-8        LC_COLLATE=en_US.UTF-8    
 [5] LC_MONETARY=en_US.UTF-8    LC_MESSAGES=en_US.UTF-8   
 [7] LC_PAPER=en_US.UTF-8       LC_NAME=C                 
 [9] LC_ADDRESS=C               LC_TELEPHONE=C            
[11] LC_MEASUREMENT=en_US.UTF-8 LC_IDENTIFICATION=C       

attached base packages:
[1] stats     graphics  grDevices utils     datasets  base     

other attached packages:
[1] bindrcpp_0.2   luzlogr_0.2.0  twitteR_1.1.9  ggthemes_3.4.0 dplyr_0.7.4   
[6] ggplot2_2.2.1 

loaded via a namespace (and not attached):
 [1] Rcpp_0.12.15     bindr_0.1        magrittr_1.5     munsell_0.4.3   
 [5] bit_1.1-12       colorspace_1.3-2 rjson_0.2.15     R6_2.2.2        
 [9] rlang_0.1.6      httr_1.3.1       plyr_1.8.4       tools_3.4.1     
[13] grid_3.4.1       gtable_0.2.0     DBI_0.7          openssl_1.0     
[17] bit64_0.9-7      lazyeval_0.2.1   assertthat_0.2.0 tibble_1.4.2    
[21] curl_3.1         mime_0.5         glue_1.2.0       labeling_0.3    
[25] compiler_3.4.1   pillar_1.1.0     methods_3.4.1    scales_0.5.0    
[29] pkgconfig_2.0.1 
Tue Feb  6 01:02:53 2018  Opening correlations.log 
Tue Feb  6 01:02:53 2018  Not Publishable. 0.773 
Tue Feb  6 01:02:53 2018  Closing correlations.log flags = 0 
